2018-07-17 06:00:18,867 p=28406 u=sven |   [WARNING]: Unable to parse /etc/ansible/hosts as an inventory source

2018-07-17 06:00:18,868 p=28406 u=sven |   [WARNING]: No inventory was parsed, only implicit localhost is available

2018-07-17 06:00:18,869 p=28406 u=sven |   [WARNING]: Could not match supplied host pattern, ignoring: all

2018-07-17 06:00:18,869 p=28406 u=sven |   [WARNING]: provided hosts list is empty, only localhost is available

2018-07-17 06:00:19,211 p=28406 u=sven |  ERROR! no action detected in task. This often indicates a misspelled module name, or incorrect module path.

The error appears to have been in '/Users/sven/VantagePoint/Conferences/OWASP-Bay-Area/MobileSecurityToolchain/iOS/play.yml': line 8, column 7, but may
be elsewhere in the file depending on the exact syntax problem.

The offending line appears to be:

  tasks:
    - name: Install list of packages
      ^ here


The error appears to have been in '/Users/sven/VantagePoint/Conferences/OWASP-Bay-Area/MobileSecurityToolchain/iOS/play.yml': line 8, column 7, but may
be elsewhere in the file depending on the exact syntax problem.

The offending line appears to be:

  tasks:
    - name: Install list of packages
      ^ here

exception type: <class 'ansible.errors.AnsibleParserError'>
exception: no action detected in task. This often indicates a misspelled module name, or incorrect module path.

The error appears to have been in '/Users/sven/VantagePoint/Conferences/OWASP-Bay-Area/MobileSecurityToolchain/iOS/play.yml': line 8, column 7, but may
be elsewhere in the file depending on the exact syntax problem.

The offending line appears to be:

  tasks:
    - name: Install list of packages
      ^ here

2018-07-17 06:01:17,837 p=28446 u=sven |   [WARNING]: Unable to parse /etc/ansible/hosts as an inventory source

2018-07-17 06:01:17,838 p=28446 u=sven |   [WARNING]: No inventory was parsed, only implicit localhost is available

2018-07-17 06:01:17,839 p=28446 u=sven |   [WARNING]: Could not match supplied host pattern, ignoring: all

2018-07-17 06:01:17,839 p=28446 u=sven |   [WARNING]: provided hosts list is empty, only localhost is available

2018-07-17 06:01:18,257 p=28446 u=sven |  PLAY [run the playbook tasks on the localhost] ****************************************************************************************************
2018-07-17 06:01:18,315 p=28446 u=sven |  TASK [Gathering Facts] ****************************************************************************************************************************
2018-07-17 06:01:18,880 p=28446 u=sven |  fatal: [127.0.0.1]: FAILED! => {"changed": false, "module_stderr": "sudo: a password is required\n", "module_stdout": "", "msg": "MODULE FAILURE", "rc": 1}
2018-07-17 06:01:18,881 p=28446 u=sven |  	to retry, use: --limit @/Users/sven/VantagePoint/Conferences/OWASP-Bay-Area/MobileSecurityToolchain/iOS/play.retry

2018-07-17 06:01:18,882 p=28446 u=sven |  PLAY RECAP ****************************************************************************************************************************************
2018-07-17 06:01:18,882 p=28446 u=sven |  127.0.0.1                  : ok=0    changed=0    unreachable=0    failed=1   
2018-07-17 06:01:55,810 p=28973 u=sven |   [WARNING]: Unable to parse /etc/ansible/hosts as an inventory source

2018-07-17 06:01:55,810 p=28973 u=sven |   [WARNING]: No inventory was parsed, only implicit localhost is available

2018-07-17 06:01:55,811 p=28973 u=sven |   [WARNING]: Could not match supplied host pattern, ignoring: all

2018-07-17 06:01:55,811 p=28973 u=sven |   [WARNING]: provided hosts list is empty, only localhost is available

2018-07-17 06:01:56,098 p=28973 u=sven |  PLAY [run the playbook tasks on the localhost] ****************************************************************************************************
2018-07-17 06:01:56,132 p=28973 u=sven |  TASK [Gathering Facts] ****************************************************************************************************************************
2018-07-17 06:01:57,153 p=28973 u=sven |  ok: [127.0.0.1]
2018-07-17 06:01:57,159 p=28973 u=sven |  TASK [Install list of packages] *******************************************************************************************************************
2018-07-17 06:02:20,183 p=28973 u=sven |  changed: [127.0.0.1] => (item=[u'ios-deploy', u'colordiff', u'sqlite3'])
2018-07-17 06:02:20,188 p=28973 u=sven |  PLAY RECAP ****************************************************************************************************************************************
2018-07-17 06:02:20,189 p=28973 u=sven |  127.0.0.1                  : ok=2    changed=1    unreachable=0    failed=0   
